<?xml version="1.0" encoding="UTF-8"?>
<!-- Generated by org.testng.reporters.JUnitReportReporter -->
<testsuite name="hi.NewTest" tests="1" time="77.353" ignored="0" failures="0" timestamp="25 Jul 2019 05:00:48 GMT" skipped="0" hostname="DESKTOP-5JI0NAQ" errors="0">
  <testcase name="testTitle" time="77.353" classname="hi.NewTest"/>
</testsuite> <!-- hi.NewTest -->
